MPASM 5.84                          MAIN.ASM   9-25-2019  19:52:16         PAGE  1


LOC  OBJECT CODE     LINE SOURCE TEXT
  VALUE

                      00001 ; PIC16F887 Configuration Bit Settings
                      00002 ; Assembly source line config statements
                      00003 #include "p16f887.inc"
                      00001         LIST
                      00002 
                      00003 ;==========================================================================
                      00004 ; Build date : Mar 17 2019
                      00005 ;  MPASM PIC16F887 processor include
                      00006 ; 
                      00007 ;  (c) Copyright 1999-2019 Microchip Technology, All rights reserved
                      00008 ;==========================================================================
                      00009 
                      00810         LIST
                      00004     
                      00005 ; Bits de configuracion
                      00006 
                      00007 ; CONFIG1
                      00008 ; __config 0xE0C2
2007   20C2           00009  __CONFIG _CONFIG1, _FOSC_HS & _WDTE_OFF & _PWRTE_ON & _MCLRE_OFF & _CP_OFF & _CPD_OFF & _BOREN_OFF & _I
                            ESO_OFF & _FCMEN_OFF & _LVP_OFF
                      00010 ; CONFIG2
                      00011 ; __config 0xFEFF
2008   3EFF           00012  __CONFIG _CONFIG2, _BOR4V_BOR21V & _WRT_OFF
                      00013  
                      00014 ;Organizacion de la memoria de datos 
Warning[205]: Found directive in column 1. (cblock)
                      00015 cblock 0x20 ;Comienzo a escribir la memoria de datos en la dirección 0x20
  00000020            00016 sum     ;Defino dos variables
  00000021            00017 d0
  00000022            00018 d1
  00000023            00019 d2
  00000024            00020 contadorLuces
  00000025            00021 iterarLuces
Warning[205]: Found directive in column 1. (ENDC)
                      00022 endc
                      00023 
                      00024 ;Organizacion de la memoria de programacion
Warning[205]: Found directive in column 1. (org)
                      00025 org 0x0000
                      00026 
0000                  00027 main
0000   1683 1303      00028     banksel TRISD       ;Selecciono el banco de memoria de TRISD
Message[302]: Register in operand not in bank 0.  Ensure that bank bits are correct.
0002   0188           00029     clrf TRISD          ;Hago un clear del registro TRISD. TRISD = 0x00
0003   1683 1303      00030     banksel TRISB
Message[302]: Register in operand not in bank 0.  Ensure that bank bits are correct.
0005   0186           00031     clrf TRISB  ;Selecciono el banco de memoria de TRISC
0006   303F           00032     movlw b'00111111'
Message[302]: Register in operand not in bank 0.  Ensure that bank bits are correct.
0007   0086           00033     movwf TRISB
0008   1283 1303      00034     banksel sum
000A   01A0           00035     clrf sum
000B   1683 1703      00036     banksel ANSELH
MPASM 5.84                          MAIN.ASM   9-25-2019  19:52:16         PAGE  2


LOC  OBJECT CODE     LINE SOURCE TEXT
  VALUE

Message[302]: Register in operand not in bank 0.  Ensure that bank bits are correct.
000D   0189           00037     clrf ANSELH
000E   1283 1303      00038     banksel PORTD
0010   0188           00039     clrf PORTD
0011   1283 1303      00040     banksel contadorLuces
0013   300A           00041     movlw D'10'
0014   00A4           00042     movwf contadorLuces
                      00043     
0015   2???           00044     goto prueba
0016                  00045 prueba
0016   1283 1303      00046     banksel PORTB
0018   0806           00047     movf PORTB, w
0019   1283 1303      00048     banksel PORTD
001B   0088           00049     movwf PORTD
001C   2???           00050     goto prueba
001D                  00051 __main
001D   0824           00052     movf contadorLuces,w
001E   2???           00053     call __destello
001F   0BA4           00054     decfsz contadorLuces, f
0020   2???           00055     goto $-2
0021   1283 1303      00056     banksel sum
0023   0820           00057     movf sum, w
0024   1283 1303      00058     banksel PORTD  
0026   0088           00059     movwf PORTD
0027   2???           00060     goto loop1
0028                  00061 loop1
0028   2???           00062     call Delay
0029   1283 1303      00063     banksel PORTB
                      00064     
002B   1C06           00065     btfss PORTB,0
002C   1806           00066     btfsc PORTB,0
002D   2???           00067     goto loop2
002E   2???           00068     goto sumar1
002F                  00069 loop2 
002F   2???           00070     call Delay
0030   1283 1303      00071     banksel PORTB
                      00072     
0032   1C86           00073     btfss PORTB,1
0033   1886           00074     btfsc PORTB,1
0034   2???           00075     goto loop3
0035   2???           00076     goto sumar10
0036                  00077 loop3
0036   2???           00078     call Delay
0037   1283 1303      00079     banksel PORTB
                      00080     
0039   1D06           00081     btfss PORTB,2
003A   1906           00082     btfsc PORTB,2
003B   2???           00083     goto loop1
003C   2???           00084     goto sumar100
003D                  00085 luces
003D   1283 1303      00086     banksel PORTD
003F   0188           00087     clrf PORTD
0040   1283 1303      00088     banksel iterarLuces
MPASM 5.84                          MAIN.ASM   9-25-2019  19:52:16         PAGE  3


LOC  OBJECT CODE     LINE SOURCE TEXT
  VALUE

0042   3008           00089     movlw D'8'
0043   00A5           00090     movwf iterarLuces
                      00091     
0044   3005           00092     movlw D'5'
0045   2???           00093     call DelayNuevo
Message[305]: Using default destination of 1 (file).
0046   0D88           00094     RLF PORTD
0047   0BA5           00095     DECFSZ iterarLuces,f
0048   2???           00096     goto $-4
                      00097     
0049   3008           00098     movlw D'8'
004A   00A5           00099     movwf iterarLuces
                      00100     
004B   3005           00101     movlw D'5'
004C   2???           00102     call DelayNuevo
Message[305]: Using default destination of 1 (file).
004D   0C88           00103     RRF PORTD
004E   0BA5           00104     DECFSZ iterarLuces,f
004F   2???           00105     goto $-4
                      00106     
0050   1283 1303      00107     banksel STATUS
0052   1003           00108     bcf STATUS,0
0053   0008           00109     return
                      00110 
0054                  00111 sumar1 
0054   1283 1303      00112     banksel sum
0056   0820           00113     movf sum,w
0057   3E01           00114     ADDLW D'1'
0058   00A0           00115     movwf sum
0059   1283 1303      00116     banksel STATUS
005B   1C03           00117     btfss STATUS,0
005C   1803           00118     btfsc STATUS,0
005D   2???           00119     call luces
005E   1283 1303      00120     banksel sum
0060   0820           00121     movf sum,w
0061   1283 1303      00122     banksel PORTD
0063   0088           00123     movwf PORTD 
0064   2???           00124     goto presionado
0065                  00125 sumar10 
0065   1283 1303      00126     banksel sum
0067   0820           00127     movf sum,w
0068   3E0A           00128     ADDLW D'10'
0069   00A0           00129     movwf sum
006A   1283 1303      00130     banksel STATUS
006C   1C03           00131     btfss STATUS,0
006D   1803           00132     btfsc STATUS,0
006E   2???           00133     call luces
006F   1283 1303      00134     banksel sum
0071   0820           00135     movf sum,w
0072   1283 1303      00136     banksel PORTD
0074   0088           00137     movwf PORTD 
0075   2???           00138     goto presionado2
0076                  00139 sumar100 
MPASM 5.84                          MAIN.ASM   9-25-2019  19:52:16         PAGE  4


LOC  OBJECT CODE     LINE SOURCE TEXT
  VALUE

0076   1283 1303      00140     banksel sum
0078   0820           00141     movf sum,w
0079   3E64           00142     ADDLW D'100'
007A   00A0           00143     movwf sum
007B   1283 1303      00144     banksel STATUS
007D   1C03           00145     btfss STATUS,0
007E   1803           00146     btfsc STATUS,0
007F   2???           00147     call luces
0080   1283 1303      00148     banksel sum
0082   0820           00149     movf sum,w
0083   1283 1303      00150     banksel PORTD
0085   0088           00151     movwf PORTD 
0086   2???           00152     goto presionado3
0087                  00153 presionado
0087   2???           00154     call Delay
0088   1283 1303      00155     banksel PORTB
008A   1806           00156     btfsc PORTB,0
008B   1C06           00157     btfss PORTB,0
008C   2???           00158     goto presionado
008D   2???           00159     goto loop1
008E                  00160 presionado2
008E   2???           00161     call Delay
008F   1283 1303      00162     banksel PORTB
0091   1886           00163     btfsc PORTB,1
0092   1C86           00164     btfss PORTB,1
0093   2???           00165     goto presionado2
0094   2???           00166     goto loop1
0095                  00167 presionado3
0095   2???           00168     call Delay
0096   1283 1303      00169     banksel PORTB
0098   1906           00170     btfsc PORTB,2
0099   1D06           00171     btfss PORTB,2
009A   2???           00172     goto presionado3
009B   2???           00173     goto loop1
009C                  00174 DelayNuevo
009C   1283 1303      00175     banksel d0
009E   00A1           00176     movwf d0
009F   2???           00177     call Delay
00A0   0BA1           00178     decfsz d0,f
00A1   2???           00179     goto $-2
00A2   0008           00180     return
00A3                  00181 Delay ;49993 cycles
00A3   300E           00182     movlw 0x0E
00A4   00A2           00183     movwf d1
00A5   3028           00184     movlw 0x28
00A6   00A3           00185     movwf d2
00A7                  00186 Delay_0
00A7   0BA2           00187     decfsz d1, f
00A8   2???           00188     goto $+2
00A9   0BA3           00189     decfsz d2, f
00AA   2???           00190     goto Delay_0
                      00191 
00AB   2???           00192     goto $+1 ;3 cycles
MPASM 5.84                          MAIN.ASM   9-25-2019  19:52:16         PAGE  5


LOC  OBJECT CODE     LINE SOURCE TEXT
  VALUE

00AC   0000           00193     nop
00AD   0008           00194     return
                      00195     
00AE                  00196 Delay3ms
00AE   2???           00197     call Delay
00AF   2???           00198     call Delay
00B0   2???           00199     call Delay
00B1   0008           00200     return
                      00201     
                      00202 ;Difencia con respecto al inicial, llamada a Delay3ms son 2 ciclos y return son 4 ciclos
                      00203 ;la suma final seria: 6 ciclos de más
                      00204     
00B2                  00205 __destello
00B2   1283 1303      00206     banksel PORTD
00B4   1008           00207     bcf PORTD,0
00B5   300A           00208     movlw D'10' 
00B6   2???           00209     call DelayNuevo
                      00210     
00B7   1408           00211     bsf PORTD,0
00B8   300A           00212     movlw D'10'
00B9   2???           00213     call DelayNuevo
                      00214     
00BA   0008           00215     return
Warning[205]: Found directive in column 1. (END)
20C2 3EFF             00216 END
MPASM 5.84                          MAIN.ASM   9-25-2019  19:52:16         PAGE  6


SYMBOL TABLE
  LABEL                             VALUE 

ABDEN                             00000000
ABDOVF                            00000007
ACKDT                             00000005
ACKEN                             00000004
ACKSTAT                           00000006
ADCON0                            0000001F
ADCON1                            0000009F
ADCS0                             00000006
ADCS1                             00000007
ADDEN                             00000003
ADFM                              00000007
ADIE                              00000006
ADIF                              00000006
ADON                              00000000
ADRESH                            0000001E
ADRESL                            0000009E
ANS0                              00000000
ANS1                              00000001
ANS10                             00000002
ANS11                             00000003
ANS12                             00000004
ANS13                             00000005
ANS2                              00000002
ANS3                              00000003
ANS4                              00000004
ANS5                              00000005
ANS6                              00000006
ANS7                              00000007
ANS8                              00000000
ANS9                              00000001
ANSEL                             00000188
ANSELH                            00000189
BAUDCTL                           00000187
BCLIE                             00000003
BCLIF                             00000003
BF                                00000000
BRG0                              00000000
BRG1                              00000001
BRG10                             00000002
BRG11                             00000003
BRG12                             00000004
BRG13                             00000005
BRG14                             00000006
BRG15                             00000007
BRG16                             00000003
BRG2                              00000002
BRG3                              00000003
BRG4                              00000004
BRG5                              00000005
BRG6                              00000006
BRG7                              00000007
BRG8                              00000000
BRG9                              00000001
MPASM 5.84                          MAIN.ASM   9-25-2019  19:52:16         PAGE  7


SYMBOL TABLE
  LABEL                             VALUE 

BRGH                              00000002
C                                 00000000
C1CH0                             00000000
C1CH1                             00000001
C1IE                              00000005
C1IF                              00000005
C1OE                              00000005
C1ON                              00000007
C1OUT                             00000006
C1POL                             00000004
C1R                               00000002
C1RSEL                            00000005
C1SEN                             00000005
C2CH0                             00000000
C2CH1                             00000001
C2IE                              00000006
C2IF                              00000006
C2OE                              00000005
C2ON                              00000007
C2OUT                             00000006
C2POL                             00000004
C2R                               00000002
C2REN                             00000004
C2RSEL                            00000004
C2SYNC                            00000000
CCP1CON                           00000017
CCP1IE                            00000002
CCP1IF                            00000002
CCP1M0                            00000000
CCP1M1                            00000001
CCP1M2                            00000002
CCP1M3                            00000003
CCP1X                             00000005
CCP1Y                             00000004
CCP2CON                           0000001D
CCP2IE                            00000000
CCP2IF                            00000000
CCP2M0                            00000000
CCP2M1                            00000001
CCP2M2                            00000002
CCP2M3                            00000003
CCP2X                             00000005
CCP2Y                             00000004
CCPR1                             00000015
CCPR1H                            00000016
CCPR1L                            00000015
CCPR2                             0000001B
CCPR2H                            0000001C
CCPR2L                            0000001B
CHS0                              00000002
CHS1                              00000003
CHS2                              00000004
CHS3                              00000005
MPASM 5.84                          MAIN.ASM   9-25-2019  19:52:16         PAGE  8


SYMBOL TABLE
  LABEL                             VALUE 

CKE                               00000006
CKP                               00000004
CM1CON0                           00000107
CM2CON0                           00000108
CM2CON1                           00000109
CREN                              00000004
CSRC                              00000007
D                                 00000005
DATA_ADDRESS                      00000005
DC                                00000001
DC1B0                             00000004
DC1B1                             00000005
DC2B0                             00000004
DC2B1                             00000005
D_A                               00000005
D_NOT_A                           00000005
Delay                             000000A3
Delay3ms                          000000AE
DelayNuevo                        0000009C
Delay_0                           000000A7
ECCPAS                            0000009C
ECCPAS0                           00000004
ECCPAS1                           00000005
ECCPAS2                           00000006
ECCPASE                           00000007
EEADR                             0000010D
EEADRH                            0000010F
EECON1                            0000018C
EECON2                            0000018D
EEDAT                             0000010C
EEDATA                            0000010C
EEDATH                            0000010E
EEIE                              00000004
EEIF                              00000004
EEPGD                             00000007
F                                 00000001
FERR                              00000002
FSR                               00000004
FVREN                             00000000
GCEN                              00000007
GIE                               00000007
GO                                00000001
GO_DONE                           00000001
GO_NOT_DONE                       00000001
HTS                               00000002
I2C_DATA                          00000005
I2C_READ                          00000002
I2C_START                         00000003
I2C_STOP                          00000004
INDF                              00000000
INTCON                            0000000B
INTE                              00000004
INTEDG                            00000006
MPASM 5.84                          MAIN.ASM   9-25-2019  19:52:16         PAGE  9


SYMBOL TABLE
  LABEL                             VALUE 

INTF                              00000001
IOCB                              00000096
IOCB0                             00000000
IOCB1                             00000001
IOCB2                             00000002
IOCB3                             00000003
IOCB4                             00000004
IOCB5                             00000005
IOCB6                             00000006
IOCB7                             00000007
IRCF0                             00000004
IRCF1                             00000005
IRCF2                             00000006
IRP                               00000007
LTS                               00000001
MC1OUT                            00000007
MC2OUT                            00000006
MSK                               00000093
MSK0                              00000000
MSK1                              00000001
MSK2                              00000002
MSK3                              00000003
MSK4                              00000004
MSK5                              00000005
MSK6                              00000006
MSK7                              00000007
NOT_A                             00000005
NOT_ADDRESS                       00000005
NOT_BO                            00000000
NOT_BOR                           00000000
NOT_DONE                          00000001
NOT_PD                            00000003
NOT_POR                           00000001
NOT_RBPU                          00000007
NOT_RC8                           00000006
NOT_T1SYNC                        00000002
NOT_TO                            00000004
NOT_TX8                           00000006
NOT_W                             00000002
NOT_WRITE                         00000002
OERR                              00000001
OPTION_REG                        00000081
OSCCON                            0000008F
OSCTUNE                           00000090
OSFIE                             00000007
OSFIF                             00000007
OSTS                              00000003
P                                 00000004
P1M0                              00000006
P1M1                              00000007
PCL                               00000002
PCLATH                            0000000A
PCON                              0000008E
MPASM 5.84                          MAIN.ASM   9-25-2019  19:52:16         PAGE 10


SYMBOL TABLE
  LABEL                             VALUE 

PDC0                              00000000
PDC1                              00000001
PDC2                              00000002
PDC3                              00000003
PDC4                              00000004
PDC5                              00000005
PDC6                              00000006
PEIE                              00000006
PEN                               00000002
PIE1                              0000008C
PIE2                              0000008D
PIR1                              0000000C
PIR2                              0000000D
PORTA                             00000005
PORTB                             00000006
PORTC                             00000007
PORTD                             00000008
PORTE                             00000009
PR2                               00000092
PRSEN                             00000007
PS0                               00000000
PS1                               00000001
PS2                               00000002
PSA                               00000003
PSSAC0                            00000002
PSSAC1                            00000003
PSSBD0                            00000000
PSSBD1                            00000001
PSTRCON                           0000009D
PULSR                             00000002
PULSS                             00000003
PWM1CON                           0000009B
R                                 00000002
RA0                               00000000
RA1                               00000001
RA2                               00000002
RA3                               00000003
RA4                               00000004
RA5                               00000005
RA6                               00000006
RA7                               00000007
RB0                               00000000
RB1                               00000001
RB2                               00000002
RB3                               00000003
RB4                               00000004
RB5                               00000005
RB6                               00000006
RB7                               00000007
RBIE                              00000003
RBIF                              00000000
RC0                               00000000
RC1                               00000001
MPASM 5.84                          MAIN.ASM   9-25-2019  19:52:16         PAGE 11


SYMBOL TABLE
  LABEL                             VALUE 

RC2                               00000002
RC3                               00000003
RC4                               00000004
RC5                               00000005
RC6                               00000006
RC7                               00000007
RC8_9                             00000006
RC9                               00000006
RCD8                              00000000
RCEN                              00000003
RCIDL                             00000006
RCIE                              00000005
RCIF                              00000005
RCREG                             0000001A
RCSTA                             00000018
RD                                00000000
RD0                               00000000
RD1                               00000001
RD2                               00000002
RD3                               00000003
RD4                               00000004
RD5                               00000005
RD6                               00000006
RD7                               00000007
RE0                               00000000
RE1                               00000001
RE2                               00000002
RE3                               00000003
READ_WRITE                        00000002
RP0                               00000005
RP1                               00000006
RSEN                              00000001
RX9                               00000006
RX9D                              00000000
R_NOT_W                           00000002
R_W                               00000002
S                                 00000003
SBOREN                            00000004
SCKP                              00000004
SCS                               00000000
SEN                               00000000
SENDB                             00000003
SMP                               00000007
SPBRG                             00000099
SPBRGH                            0000009A
SPEN                              00000007
SR0                               00000006
SR1                               00000007
SRCON                             00000185
SREN                              00000005
SSPADD                            00000093
SSPBUF                            00000013
SSPCON                            00000014
MPASM 5.84                          MAIN.ASM   9-25-2019  19:52:16         PAGE 12


SYMBOL TABLE
  LABEL                             VALUE 

SSPCON2                           00000091
SSPEN                             00000005
SSPIE                             00000003
SSPIF                             00000003
SSPM0                             00000000
SSPM1                             00000001
SSPM2                             00000002
SSPM3                             00000003
SSPMSK                            00000093
SSPOV                             00000006
SSPSTAT                           00000094
STATUS                            00000003
STRA                              00000000
STRB                              00000001
STRC                              00000002
STRD                              00000003
STRSYNC                           00000004
SWDTEN                            00000000
SYNC                              00000004
T0CS                              00000005
T0IE                              00000005
T0IF                              00000002
T0SE                              00000004
T1CKPS0                           00000004
T1CKPS1                           00000005
T1CON                             00000010
T1GINV                            00000007
T1GIV                             00000007
T1GSS                             00000001
T1INSYNC                          00000002
T1OSCEN                           00000003
T1SYNC                            00000002
T2CKPS0                           00000000
T2CKPS1                           00000001
T2CON                             00000012
TMR0                              00000001
TMR0IE                            00000005
TMR0IF                            00000002
TMR1                              0000000E
TMR1CS                            00000001
TMR1GE                            00000006
TMR1H                             0000000F
TMR1IE                            00000000
TMR1IF                            00000000
TMR1L                             0000000E
TMR1ON                            00000000
TMR2                              00000011
TMR2IE                            00000001
TMR2IF                            00000001
TMR2ON                            00000002
TOUTPS0                           00000003
TOUTPS1                           00000004
TOUTPS2                           00000005
MPASM 5.84                          MAIN.ASM   9-25-2019  19:52:16         PAGE 13


SYMBOL TABLE
  LABEL                             VALUE 

TOUTPS3                           00000006
TRISA                             00000085
TRISA0                            00000000
TRISA1                            00000001
TRISA2                            00000002
TRISA3                            00000003
TRISA4                            00000004
TRISA5                            00000005
TRISA6                            00000006
TRISA7                            00000007
TRISB                             00000086
TRISB0                            00000000
TRISB1                            00000001
TRISB2                            00000002
TRISB3                            00000003
TRISB4                            00000004
TRISB5                            00000005
TRISB6                            00000006
TRISB7                            00000007
TRISC                             00000087
TRISC0                            00000000
TRISC1                            00000001
TRISC2                            00000002
TRISC3                            00000003
TRISC4                            00000004
TRISC5                            00000005
TRISC6                            00000006
TRISC7                            00000007
TRISD                             00000088
TRISD0                            00000000
TRISD1                            00000001
TRISD2                            00000002
TRISD3                            00000003
TRISD4                            00000004
TRISD5                            00000005
TRISD6                            00000006
TRISD7                            00000007
TRISE                             00000089
TRISE0                            00000000
TRISE1                            00000001
TRISE2                            00000002
TRISE3                            00000003
TRMT                              00000001
TUN0                              00000000
TUN1                              00000001
TUN2                              00000002
TUN3                              00000003
TUN4                              00000004
TX8_9                             00000006
TX9                               00000006
TX9D                              00000000
TXD8                              00000000
TXEN                              00000005
MPASM 5.84                          MAIN.ASM   9-25-2019  19:52:16         PAGE 14


SYMBOL TABLE
  LABEL                             VALUE 

TXIE                              00000004
TXIF                              00000004
TXREG                             00000019
TXSTA                             00000098
UA                                00000001
ULPWUE                            00000005
ULPWUIE                           00000002
ULPWUIF                           00000002
VCFG0                             00000004
VCFG1                             00000005
VR0                               00000000
VR1                               00000001
VR2                               00000002
VR3                               00000003
VRCON                             00000097
VREN                              00000007
VROE                              00000006
VRR                               00000005
VRSS                              00000004
W                                 00000000
WCOL                              00000007
WDTCON                            00000105
WDTPS0                            00000001
WDTPS1                            00000002
WDTPS2                            00000003
WDTPS3                            00000004
WPUB                              00000095
WPUB0                             00000000
WPUB1                             00000001
WPUB2                             00000002
WPUB3                             00000003
WPUB4                             00000004
WPUB5                             00000005
WPUB6                             00000006
WPUB7                             00000007
WR                                00000001
WREN                              00000002
WRERR                             00000003
WUE                               00000001
Z                                 00000002
_.org_0_0020                      00000020
_.org_0_0048                      00000048
_.org_0_004F                      0000004F
_.org_0_00A1                      000000A1
_.org_0_00A8                      000000A8
_.org_0_00AB                      000000AB
_BOR21V                           00003EFF
_BOR40V                           00003FFF
_BOR4V_BOR21V                     00003EFF
_BOR4V_BOR40V                     00003FFF
_BOREN_NSLEEP                     00003EFF
_BOREN_OFF                        00003CFF
_BOREN_ON                         00003FFF
MPASM 5.84                          MAIN.ASM   9-25-2019  19:52:16         PAGE 15


SYMBOL TABLE
  LABEL                             VALUE 

_BOREN_SBODEN                     00003DFF
_BOR_NSLEEP                       00003EFF
_BOR_OFF                          00003CFF
_BOR_ON                           00003FFF
_BOR_SBODEN                       00003DFF
_CONFIG1                          00002007
_CONFIG2                          00002008
_CPD_OFF                          00003FFF
_CPD_ON                           00003F7F
_CP_OFF                           00003FFF
_CP_ON                            00003FBF
_DEBUG_OFF                        00003FFF
_DEBUG_ON                         00001FFF
_DEVID1                           00002006
_EC_OSC                           00003FFB
_EXTRC                            00003FFF
_EXTRCIO                          00003FFE
_EXTRC_OSC_CLKOUT                 00003FFF
_EXTRC_OSC_NOCLKOUT               00003FFE
_FCMEN_OFF                        000037FF
_FCMEN_ON                         00003FFF
_FOSC_EC                          00003FFB
_FOSC_EXTRC_CLKOUT                00003FFF
_FOSC_EXTRC_NOCLKOUT              00003FFE
_FOSC_HS                          00003FFA
_FOSC_INTRC_CLKOUT                00003FFD
_FOSC_INTRC_NOCLKOUT              00003FFC
_FOSC_LP                          00003FF8
_FOSC_XT                          00003FF9
_HS_OSC                           00003FFA
_IDLOC0                           00002000
_IDLOC1                           00002001
_IDLOC2                           00002002
_IDLOC3                           00002003
_IESO_OFF                         00003BFF
_IESO_ON                          00003FFF
_INTOSC                           00003FFD
_INTOSCIO                         00003FFC
_INTRC_OSC_CLKOUT                 00003FFD
_INTRC_OSC_NOCLKOUT               00003FFC
_LP_OSC                           00003FF8
_LVP_OFF                          00002FFF
_LVP_ON                           00003FFF
_MCLRE_OFF                        00003FDF
_MCLRE_ON                         00003FFF
_PWRTE_OFF                        00003FFF
_PWRTE_ON                         00003FEF
_WDTE_OFF                         00003FF7
_WDTE_ON                          00003FFF
_WDT_OFF                          00003FF7
_WDT_ON                           00003FFF
_WRT_1FOURTH                      00003BFF
_WRT_256                          00003DFF
MPASM 5.84                          MAIN.ASM   9-25-2019  19:52:16         PAGE 16


SYMBOL TABLE
  LABEL                             VALUE 

_WRT_HALF                         000039FF
_WRT_OFF                          00003FFF
_XT_OSC                           00003FF9
__16F887                          00000001
__destello                        000000B2
__main                            0000001D
contadorLuces                     00000024
d0                                00000021
d1                                00000022
d2                                00000023
iterarLuces                       00000025
loop1                             00000028
loop2                             0000002F
loop3                             00000036
luces                             0000003D
main                              00000000
presionado                        00000087
presionado2                       0000008E
presionado3                       00000095
prueba                            00000016
sum                               00000020
sumar1                            00000054
sumar10                           00000065
sumar100                          00000076

Errors   :     0
Warnings :     4 reported,     0 suppressed
Messages :     6 reported,     0 suppressed

